<?xml version="1.0" encoding="UTF-8"?>
<robot generator="Robot 7.2.2 (Python 3.13.2 on win32)" generated="2025-03-13T13:36:15.328947" rpa="false" schemaversion="5">
<suite id="s1" name="Amazonteste" source="C:\TreinamentoAutomacao\RobotFramework\WebTeste\amazonteste.robot">
<kw name="Abrir o navegador" owner="Amazon_resources" type="SETUP">
<kw name="Open Browser" owner="SeleniumLibrary">
<msg time="2025-03-13T13:36:15.695354" level="INFO">Opening browser 'chrome' to base url 'http://www.amazon.com.br'.</msg>
<arg>${url}</arg>
<arg>browser=chrome</arg>
<doc>Opens a new browser instance to the optional ``url``.</doc>
<status status="PASS" start="2025-03-13T13:36:15.695088" elapsed="6.148582"/>
</kw>
<kw name="Maximize Browser Window" owner="SeleniumLibrary">
<doc>Maximizes current browser window.</doc>
<status status="PASS" start="2025-03-13T13:36:21.843988" elapsed="0.032401"/>
</kw>
<status status="PASS" start="2025-03-13T13:36:15.694325" elapsed="6.182249"/>
</kw>
<test id="s1-t1" name="Caso de teste 01 - Acesso ao menu &quot;Eletrônicos&quot;" line="11">
<kw name="Acessar a home page do site Amazon.com.br" owner="Amazon_resources">
<kw name="Go To" owner="SeleniumLibrary">
<msg time="2025-03-13T13:36:21.878213" level="INFO">Opening url 'http://www.amazon.com.br'</msg>
<arg>${url}</arg>
<doc>Navigates the current browser window to the provided ``url``.</doc>
<status status="PASS" start="2025-03-13T13:36:21.878032" elapsed="6.809583"/>
</kw>
<kw name="Sleep" owner="BuiltIn">
<msg time="2025-03-13T13:36:33.688168" level="INFO">Slept 5 seconds.</msg>
<arg>5s</arg>
<doc>Pauses the test executed for the given time.</doc>
<status status="PASS" start="2025-03-13T13:36:28.687782" elapsed="5.000532"/>
</kw>
<kw name="Wait Until Element Is Visible" owner="SeleniumLibrary">
<arg>${MENU_ELETRONICOS}</arg>
<arg>timeout=10s</arg>
<doc>Waits until the element ``locator`` is visible.</doc>
<status status="PASS" start="2025-03-13T13:36:33.688536" elapsed="0.027375"/>
</kw>
<status status="PASS" start="2025-03-13T13:36:21.877723" elapsed="11.838377"/>
</kw>
<kw name="Entrar no menu &quot;Eletrônicos&quot;" owner="Amazon_resources">
<kw name="Sleep" owner="BuiltIn">
<msg time="2025-03-13T13:36:35.717589" level="INFO">Slept 2 seconds.</msg>
<arg>2s</arg>
<doc>Pauses the test executed for the given time.</doc>
<status status="PASS" start="2025-03-13T13:36:33.716875" elapsed="2.000969"/>
</kw>
<kw name="Click Element" owner="SeleniumLibrary">
<msg time="2025-03-13T13:36:35.718510" level="INFO">Clicking element '//a[contains(text(),'Eletrônicos')]'.</msg>
<arg>${MENU_ELETRONICOS}</arg>
<doc>Click the element identified by ``locator``.</doc>
<status status="PASS" start="2025-03-13T13:36:35.718176" elapsed="15.402790"/>
</kw>
<status status="PASS" start="2025-03-13T13:36:33.716500" elapsed="17.404622"/>
</kw>
<kw name="Verificar se aparece a frase &quot;Eletrônicos e Tecnologia&quot;" owner="Amazon_resources" source_name="Verificar se aparece a frase &quot;${FRASE}&quot;">
<kw name="Wait Until Page Contains" owner="SeleniumLibrary">
<arg>${FRASE}</arg>
<arg>timeout=10s</arg>
<doc>Waits until ``text`` appears on the current page.</doc>
<status status="PASS" start="2025-03-13T13:36:51.121763" elapsed="0.033675"/>
</kw>
<kw name="Wait Until Element Is Visible" owner="SeleniumLibrary">
<arg>${HEADER_ELETRONICO}</arg>
<arg>timeout=10s</arg>
<doc>Waits until the element ``locator`` is visible.</doc>
<status status="PASS" start="2025-03-13T13:36:51.155694" elapsed="0.026382"/>
</kw>
<status status="PASS" start="2025-03-13T13:36:51.121505" elapsed="0.060673"/>
</kw>
<kw name="Verificar se o título da página fica &quot;Eletrônicos e Tecnologia Amazon.com.br&quot;" owner="Amazon_resources" source_name="Verificar se o título da página fica &quot;${TITULO}&quot;">
<kw name="Title Should Be" owner="SeleniumLibrary">
<msg time="2025-03-13T13:36:51.193435" level="INFO">Page title is 'Eletrônicos e Tecnologia | Amazon.com.br'.</msg>
<arg>Eletrônicos e Tecnologia | Amazon.com.br</arg>
<doc>Verifies that the current page title equals ``title``.</doc>
<status status="PASS" start="2025-03-13T13:36:51.183387" elapsed="0.010136"/>
</kw>
<status status="PASS" start="2025-03-13T13:36:51.182770" elapsed="0.010840"/>
</kw>
<kw name="Verificar se aparece a categoria &quot;Computadores e Informática&quot;" owner="Amazon_resources" source_name="Verificar se aparece a categoria &quot;${NOME_CATEGORIA}&quot;">
<kw name="Element Should Be Visible" owner="SeleniumLibrary">
<msg time="2025-03-13T13:36:51.214590" level="INFO">Element '//span[@dir='auto'][normalize-space()='Computadores e Informática']' is displayed.</msg>
<arg>locator=//span[@dir='auto'][normalize-space()='${NOME_CATEGORIA}']</arg>
<doc>Verifies that the element identified by ``locator`` is visible.</doc>
<status status="PASS" start="2025-03-13T13:36:51.194164" elapsed="0.020548"/>
</kw>
<status status="PASS" start="2025-03-13T13:36:51.193901" elapsed="0.020936"/>
</kw>
<doc>Esse teste verifica o menu eletronico do site da Amazon.com.br
e verifica a categoria Computadores e Informática</doc>
<tag>categorias</tag>
<tag>menus</tag>
<status status="PASS" start="2025-03-13T13:36:21.876710" elapsed="29.338566"/>
</test>
<test id="s1-t2" name=" Caso de teste 02 - Pesquisa de produto" line="22">
<kw name="Acessar a home page do site Amazon.com.br" owner="Amazon_resources">
<kw name="Go To" owner="SeleniumLibrary">
<msg time="2025-03-13T13:36:51.217240" level="INFO">Opening url 'http://www.amazon.com.br'</msg>
<arg>${url}</arg>
<doc>Navigates the current browser window to the provided ``url``.</doc>
<status status="PASS" start="2025-03-13T13:36:51.217051" elapsed="1.046234"/>
</kw>
<kw name="Sleep" owner="BuiltIn">
<msg time="2025-03-13T13:36:57.264470" level="INFO">Slept 5 seconds.</msg>
<arg>5s</arg>
<doc>Pauses the test executed for the given time.</doc>
<status status="PASS" start="2025-03-13T13:36:52.263595" elapsed="5.001034"/>
</kw>
<kw name="Wait Until Element Is Visible" owner="SeleniumLibrary">
<arg>${MENU_ELETRONICOS}</arg>
<arg>timeout=10s</arg>
<doc>Waits until the element ``locator`` is visible.</doc>
<status status="PASS" start="2025-03-13T13:36:57.264867" elapsed="0.034272"/>
</kw>
<status status="PASS" start="2025-03-13T13:36:51.216753" elapsed="6.082579"/>
</kw>
<kw name="Digitar o nome de produto &quot;Xbox Series S&quot; no campo de pesquisa" owner="Amazon_resources" source_name="Digitar o nome de produto &quot;${PRODUTO}&quot; no campo de pesquisa">
<kw name="Input Text" owner="SeleniumLibrary">
<msg time="2025-03-13T13:36:57.300475" level="INFO">Typing text 'Xbox Series S' into text field 'twotabsearchtextbox'.</msg>
<arg>locator=twotabsearchtextbox</arg>
<arg>text=${PRODUTO}</arg>
<doc>Types the given ``text`` into the text field identified by ``locator``.</doc>
<status status="PASS" start="2025-03-13T13:36:57.300192" elapsed="0.183228"/>
</kw>
<status status="PASS" start="2025-03-13T13:36:57.299807" elapsed="0.183783"/>
</kw>
<kw name="Clicar no botão de pesquisa" owner="Amazon_resources">
<kw name="Click Element" owner="SeleniumLibrary">
<msg time="2025-03-13T13:36:57.484549" level="INFO">Clicking element 'nav-search-submit-button'.</msg>
<arg>locator=nav-search-submit-button</arg>
<doc>Click the element identified by ``locator``.</doc>
<status status="PASS" start="2025-03-13T13:36:57.484314" elapsed="2.358866"/>
</kw>
<status status="PASS" start="2025-03-13T13:36:57.483995" elapsed="2.359290"/>
</kw>
<kw name="verificar o resultado da pesquisa se está listando o produto &quot;Console Xbox Series S&quot;" owner="Amazon_resources" source_name="Verificar o resultado da pesquisa se está listando o produto &quot;${PRODUTO}&quot;">
<kw name="Wait Until Page Contains" owner="SeleniumLibrary">
<arg>${PRODUTO}</arg>
<arg>timeout=10s</arg>
<doc>Waits until ``text`` appears on the current page.</doc>
<status status="PASS" start="2025-03-13T13:36:59.843870" elapsed="0.028409"/>
</kw>
<status status="PASS" start="2025-03-13T13:36:59.843621" elapsed="0.028862"/>
</kw>
<doc>Esse teste verifica a busca de um produto</doc>
<tag>busca_produtos</tag>
<tag>lista_busca</tag>
<status status="PASS" start="2025-03-13T13:36:51.216216" elapsed="8.656959"/>
</test>
<kw name="Fechar o navegador" owner="Amazon_resources" type="TEARDOWN">
<kw name="Capture Page Screenshot" owner="SeleniumLibrary">
<msg time="2025-03-13T13:37:00.048768" level="INFO" html="true">&lt;/td&gt;&lt;/tr&gt;&lt;tr&gt;&lt;td colspan="3"&gt;&lt;a href="screenshot.png"&gt;&lt;img src="screenshot.png" width="800px"&gt;&lt;/a&gt;</msg>
<arg>screenshot.png</arg>
<doc>Takes a screenshot of the current page and embeds it into a log file.</doc>
<status status="PASS" start="2025-03-13T13:36:59.875037" elapsed="0.173873"/>
</kw>
<kw name="Close Browser" owner="SeleniumLibrary">
<doc>Closes the current browser.</doc>
<status status="PASS" start="2025-03-13T13:37:00.049112" elapsed="2.774064"/>
</kw>
<status status="PASS" start="2025-03-13T13:36:59.874746" elapsed="2.948580"/>
</kw>
<doc>Essa suite testa o site da Amazon.com.br</doc>
<status status="PASS" start="2025-03-13T13:36:15.332768" elapsed="47.490607"/>
</suite>
<statistics>
<total>
<stat pass="2" fail="0" skip="0">All Tests</stat>
</total>
<tag>
<stat pass="1" fail="0" skip="0">busca_produtos</stat>
<stat pass="1" fail="0" skip="0">categorias</stat>
<stat pass="1" fail="0" skip="0">lista_busca</stat>
<stat pass="1" fail="0" skip="0">menus</stat>
</tag>
<suite>
<stat name="Amazonteste" id="s1" pass="2" fail="0" skip="0">Amazonteste</stat>
</suite>
</statistics>
<errors>
</errors>
</robot>
