<?xml version="1.0" encoding="UTF-8"?>
<robot generator="Robot 7.2.2 (Python 3.13.2 on win32)" generated="2025-03-12T14:43:46.664513" rpa="false" schemaversion="5">
<suite id="s1" name="Amazonteste" source="C:\TreinamentoAutomacao\RobotFramework\WebTeste\amazonteste.robot">
<test id="s1-t1" name="Caso de teste 01 - Acesso ao menu &quot;Eletrônicos&quot;" line="11">
<kw name="Abrir o navegador" owner="Amazon_resources" type="SETUP">
<kw name="Open Browser" owner="SeleniumLibrary">
<msg time="2025-03-12T14:43:46.962804" level="INFO">Opening browser 'chrome' to base url 'None'.</msg>
<msg time="2025-03-12T14:43:48.718834" level="WARN">The chromedriver version (133.0.6943.126) detected in PATH at C:\WINDOWS\chromedriver.exe might not be compatible with the detected chrome version (134.0.6998.88); currently, chromedriver 134.0.6998.88 is recommended for chrome 134.*, so it is advised to delete the driver in PATH and retry</msg>
<arg>browser=chrome</arg>
<doc>Opens a new browser instance to the optional ``url``.</doc>
<status status="PASS" start="2025-03-12T14:43:46.962594" elapsed="3.020893"/>
</kw>
<kw name="Maximize Browser Window" owner="SeleniumLibrary">
<doc>Maximizes current browser window.</doc>
<status status="PASS" start="2025-03-12T14:43:49.983852" elapsed="0.031440"/>
</kw>
<status status="PASS" start="2025-03-12T14:43:46.961973" elapsed="3.053554"/>
</kw>
<kw name="Acessar a home page do site Amazon.com.br" owner="Amazon_resources">
<kw name="Go To" owner="SeleniumLibrary">
<msg time="2025-03-12T14:43:50.016881" level="INFO">Opening url 'http://www.amazon.com.br'</msg>
<arg>url=${url}</arg>
<doc>Navigates the current browser window to the provided ``url``.</doc>
<status status="PASS" start="2025-03-12T14:43:50.016603" elapsed="2.618489"/>
</kw>
<kw name="Sleep" owner="BuiltIn">
<msg time="2025-03-12T14:44:17.636080" level="INFO">Slept 25 seconds.</msg>
<arg>25s</arg>
<doc>Pauses the test executed for the given time.</doc>
<status status="PASS" start="2025-03-12T14:43:52.635427" elapsed="25.000914"/>
</kw>
<kw name="Wait Until Element Is Visible" owner="SeleniumLibrary">
<arg>locator=${MENU_ELETRONICOS}</arg>
<doc>Waits until the element ``locator`` is visible.</doc>
<status status="PASS" start="2025-03-12T14:44:17.636675" elapsed="0.042093"/>
</kw>
<status status="PASS" start="2025-03-12T14:43:50.016162" elapsed="27.662756"/>
</kw>
<kw name="Entrar no menu &quot;Eletrônicos&quot;" owner="Amazon_resources">
<kw name="Click Element" owner="SeleniumLibrary">
<msg time="2025-03-12T14:44:17.679814" level="INFO">Clicking element '//a[contains(text(),'Eletrônicos')]'.</msg>
<arg>locator=${MENU_ELETRONICOS}</arg>
<doc>Click the element identified by ``locator``.</doc>
<status status="PASS" start="2025-03-12T14:44:17.679645" elapsed="16.485111"/>
</kw>
<status status="PASS" start="2025-03-12T14:44:17.679393" elapsed="16.485507"/>
</kw>
<kw name="Verificar se aparece a frase &quot;Eletrônicos e Tecnologia&quot;" owner="Amazon_resources">
<kw name="Wait Until Page Contains" owner="SeleniumLibrary">
<arg>text=${TEXTO_HERDER}</arg>
<doc>Waits until ``text`` appears on the current page.</doc>
<status status="PASS" start="2025-03-12T14:44:34.165458" elapsed="0.037617"/>
</kw>
<kw name="Wait Until Element Is Visible" owner="SeleniumLibrary">
<arg>locator=${HERDER_ELETRONICO}</arg>
<doc>Waits until the element ``locator`` is visible.</doc>
<status status="PASS" start="2025-03-12T14:44:34.203228" elapsed="0.027364"/>
</kw>
<status status="PASS" start="2025-03-12T14:44:34.165228" elapsed="0.065496"/>
</kw>
<kw name="Fechar o navegador" owner="Amazon_resources" type="TEARDOWN">
<kw name="Close Browser" owner="SeleniumLibrary">
<doc>Closes the current browser.</doc>
<status status="PASS" start="2025-03-12T14:44:34.231377" elapsed="2.546426"/>
</kw>
<status status="PASS" start="2025-03-12T14:44:34.231171" elapsed="2.546811"/>
</kw>
<doc>Esse teste verifica o menu eletronico do site da Amazon.com.br
e verifica a categoria Computadores e Informática</doc>
<tag>categorias</tag>
<tag>menus</tag>
<status status="PASS" start="2025-03-12T14:43:46.960899" elapsed="49.817453"/>
</test>
<doc>Essa suite testa o site da Amazon.com.br</doc>
<status status="PASS" start="2025-03-12T14:43:46.666399" elapsed="50.113847"/>
</suite>
<statistics>
<total>
<stat pass="1" fail="0" skip="0">All Tests</stat>
</total>
<tag>
<stat pass="1" fail="0" skip="0">categorias</stat>
<stat pass="1" fail="0" skip="0">menus</stat>
</tag>
<suite>
<stat name="Amazonteste" id="s1" pass="1" fail="0" skip="0">Amazonteste</stat>
</suite>
</statistics>
<errors>
<msg time="2025-03-12T14:43:48.718834" level="WARN">The chromedriver version (133.0.6943.126) detected in PATH at C:\WINDOWS\chromedriver.exe might not be compatible with the detected chrome version (134.0.6998.88); currently, chromedriver 134.0.6998.88 is recommended for chrome 134.*, so it is advised to delete the driver in PATH and retry</msg>
</errors>
</robot>
